{"/home/magiceb/Desktop/node/node-learn/myblog/index.js":{"path":"/home/magiceb/Desktop/node/node-learn/myblog/index.js","s":{"1":1,"2":1,"3":1,"4":1,"5":1,"6":1,"7":1,"8":1,"9":1,"10":1,"11":1,"12":1,"13":1,"14":1,"15":1,"16":1,"17":1,"18":1,"19":1,"20":0,"21":0,"22":0,"23":0,"24":1,"25":1,"26":1,"27":1,"28":0,"29":0,"30":0,"31":1,"32":1,"33":0,"34":0},"b":{"1":[1,0]},"f":{},"fnMap":{},"statementMap":{"1":{"start":{"line":1,"column":0},"end":{"line":1,"column":28}},"2":{"start":{"line":2,"column":0},"end":{"line":2,"column":34}},"3":{"start":{"line":3,"column":0},"end":{"line":3,"column":42}},"4":{"start":{"line":4,"column":0},"end":{"line":4,"column":52}},"5":{"start":{"line":5,"column":0},"end":{"line":5,"column":38}},"6":{"start":{"line":6,"column":0},"end":{"line":6,"column":48}},"7":{"start":{"line":7,"column":0},"end":{"line":7,"column":34}},"8":{"start":{"line":8,"column":0},"end":{"line":8,"column":32}},"9":{"start":{"line":9,"column":0},"end":{"line":9,"column":34}},"10":{"start":{"line":10,"column":0},"end":{"line":10,"column":49}},"11":{"start":{"line":12,"column":0},"end":{"line":12,"column":21}},"12":{"start":{"line":14,"column":0},"end":{"line":14,"column":47}},"13":{"start":{"line":15,"column":0},"end":{"line":15,"column":29}},"14":{"start":{"line":18,"column":0},"end":{"line":18,"column":55}},"15":{"start":{"line":21,"column":0},"end":{"line":32,"column":3}},"16":{"start":{"line":35,"column":0},"end":{"line":35,"column":16}},"17":{"start":{"line":38,"column":0},"end":{"line":41,"column":3}},"18":{"start":{"line":44,"column":0},"end":{"line":47,"column":1}},"19":{"start":{"line":50,"column":0},"end":{"line":55,"column":2}},"20":{"start":{"line":51,"column":2},"end":{"line":51,"column":36}},"21":{"start":{"line":52,"column":2},"end":{"line":52,"column":54}},"22":{"start":{"line":53,"column":2},"end":{"line":53,"column":50}},"23":{"start":{"line":54,"column":2},"end":{"line":54,"column":8}},"24":{"start":{"line":58,"column":0},"end":{"line":68,"column":3}},"25":{"start":{"line":70,"column":0},"end":{"line":70,"column":11}},"26":{"start":{"line":72,"column":0},"end":{"line":82,"column":3}},"27":{"start":{"line":84,"column":0},"end":{"line":88,"column":2}},"28":{"start":{"line":85,"column":2},"end":{"line":85,"column":20}},"29":{"start":{"line":86,"column":2},"end":{"line":86,"column":33}},"30":{"start":{"line":87,"column":2},"end":{"line":87,"column":24}},"31":{"start":{"line":90,"column":0},"end":{"line":98,"column":1}},"32":{"start":{"line":92,"column":2},"end":{"line":92,"column":22}},"33":{"start":{"line":95,"column":2},"end":{"line":97,"column":4}},"34":{"start":{"line":96,"column":4},"end":{"line":96,"column":63}}},"branchMap":{"1":{"line":90,"type":"if","locations":[{"start":{"line":90,"column":0},"end":{"line":90,"column":0}},{"start":{"line":90,"column":0},"end":{"line":90,"column":0}}]}}},"/home/magiceb/Desktop/node/node-learn/myblog/config/default.js":{"path":"/home/magiceb/Desktop/node/node-learn/myblog/config/default.js","s":{"1":1},"b":{},"f":{},"fnMap":{},"statementMap":{"1":{"start":{"line":1,"column":0},"end":{"line":9,"column":1}}},"branchMap":{}},"/home/magiceb/Desktop/node/node-learn/myblog/routes/index.js":{"path":"/home/magiceb/Desktop/node/node-learn/myblog/routes/index.js","s":{"1":1,"2":1,"3":0,"4":1,"5":1,"6":1,"7":1,"8":1,"9":1,"10":0,"11":0},"b":{"1":[0,0]},"f":{"1":1},"fnMap":{"1":{"name":"(anonymous_1)","line":1,"loc":{"start":{"line":1,"column":17},"end":{"line":1,"column":32}}}},"statementMap":{"1":{"start":{"line":1,"column":0},"end":{"line":15,"column":1}},"2":{"start":{"line":2,"column":2},"end":{"line":4,"column":4}},"3":{"start":{"line":3,"column":4},"end":{"line":3,"column":26}},"4":{"start":{"line":5,"column":2},"end":{"line":5,"column":41}},"5":{"start":{"line":6,"column":2},"end":{"line":6,"column":41}},"6":{"start":{"line":7,"column":2},"end":{"line":7,"column":43}},"7":{"start":{"line":8,"column":2},"end":{"line":8,"column":39}},"8":{"start":{"line":9,"column":2},"end":{"line":9,"column":45}},"9":{"start":{"line":10,"column":2},"end":{"line":14,"column":4}},"10":{"start":{"line":11,"column":4},"end":{"line":13,"column":5}},"11":{"start":{"line":12,"column":6},"end":{"line":12,"column":35}}},"branchMap":{"1":{"line":11,"type":"if","locations":[{"start":{"line":11,"column":4},"end":{"line":11,"column":4}},{"start":{"line":11,"column":4},"end":{"line":11,"column":4}}]}}},"/home/magiceb/Desktop/node/node-learn/myblog/routes/signup.js":{"path":"/home/magiceb/Desktop/node/node-learn/myblog/routes/signup.js","s":{"1":1,"2":1,"3":1,"4":1,"5":1,"6":1,"7":1,"8":1,"9":0,"10":1,"11":0,"12":0,"13":0,"14":0,"15":0,"16":0,"17":0,"18":0,"19":0,"20":0,"21":0,"22":0,"23":0,"24":0,"25":0,"26":0,"27":0,"28":0,"29":0,"30":0,"31":0,"32":0,"33":0,"34":0,"35":0,"36":0,"37":0,"38":0,"39":0,"40":0,"41":0,"42":0,"43":0,"44":0,"45":0,"46":0,"47":0,"48":0,"49":0,"50":1},"b":{"1":[0,0],"2":[0,0],"3":[0,0],"4":[0,0],"5":[0,0],"6":[0,0],"7":[0,0],"8":[0,0],"9":[0,0],"10":[0,0],"11":[0,0]},"f":{},"fnMap":{},"statementMap":{"1":{"start":{"line":1,"column":0},"end":{"line":1,"column":24}},"2":{"start":{"line":2,"column":0},"end":{"line":2,"column":28}},"3":{"start":{"line":3,"column":0},"end":{"line":3,"column":28}},"4":{"start":{"line":4,"column":0},"end":{"line":4,"column":34}},"5":{"start":{"line":5,"column":0},"end":{"line":5,"column":31}},"6":{"start":{"line":7,"column":0},"end":{"line":7,"column":44}},"7":{"start":{"line":8,"column":0},"end":{"line":8,"column":67}},"8":{"start":{"line":11,"column":0},"end":{"line":13,"column":2}},"9":{"start":{"line":12,"column":2},"end":{"line":12,"column":22}},"10":{"start":{"line":16,"column":0},"end":{"line":88,"column":2}},"11":{"start":{"line":17,"column":2},"end":{"line":17,"column":54}},"12":{"start":{"line":18,"column":2},"end":{"line":18,"column":36}},"13":{"start":{"line":19,"column":2},"end":{"line":19,"column":60}},"14":{"start":{"line":21,"column":2},"end":{"line":49,"column":3}},"15":{"start":{"line":22,"column":4},"end":{"line":24,"column":5}},"16":{"start":{"line":23,"column":6},"end":{"line":23,"column":40}},"17":{"start":{"line":25,"column":4},"end":{"line":27,"column":5}},"18":{"start":{"line":26,"column":6},"end":{"line":26,"column":38}},"19":{"start":{"line":28,"column":4},"end":{"line":30,"column":5}},"20":{"start":{"line":29,"column":6},"end":{"line":29,"column":42}},"21":{"start":{"line":31,"column":4},"end":{"line":33,"column":5}},"22":{"start":{"line":32,"column":6},"end":{"line":32,"column":29}},"23":{"start":{"line":34,"column":4},"end":{"line":36,"column":5}},"24":{"start":{"line":35,"column":6},"end":{"line":35,"column":35}},"25":{"start":{"line":37,"column":4},"end":{"line":39,"column":5}},"26":{"start":{"line":38,"column":6},"end":{"line":38,"column":34}},"27":{"start":{"line":41,"column":4},"end":{"line":41,"column":18}},"28":{"start":{"line":43,"column":4},"end":{"line":46,"column":6}},"29":{"start":{"line":44,"column":6},"end":{"line":44,"column":24}},"30":{"start":{"line":44,"column":15},"end":{"line":44,"column":24}},"31":{"start":{"line":45,"column":6},"end":{"line":45,"column":26}},"32":{"start":{"line":47,"column":4},"end":{"line":47,"column":33}},"33":{"start":{"line":48,"column":4},"end":{"line":48,"column":34}},"34":{"start":{"line":52,"column":2},"end":{"line":52,"column":27}},"35":{"start":{"line":55,"column":2},"end":{"line":61,"column":3}},"36":{"start":{"line":63,"column":2},"end":{"line":87,"column":6}},"37":{"start":{"line":66,"column":6},"end":{"line":66,"column":26}},"38":{"start":{"line":68,"column":6},"end":{"line":68,"column":26}},"39":{"start":{"line":69,"column":6},"end":{"line":69,"column":29}},"40":{"start":{"line":71,"column":6},"end":{"line":71,"column":34}},"41":{"start":{"line":73,"column":6},"end":{"line":73,"column":28}},"42":{"start":{"line":77,"column":6},"end":{"line":80,"column":8}},"43":{"start":{"line":78,"column":8},"end":{"line":78,"column":26}},"44":{"start":{"line":78,"column":17},"end":{"line":78,"column":26}},"45":{"start":{"line":79,"column":8},"end":{"line":79,"column":28}},"46":{"start":{"line":82,"column":6},"end":{"line":85,"column":7}},"47":{"start":{"line":83,"column":8},"end":{"line":83,"column":36}},"48":{"start":{"line":84,"column":8},"end":{"line":84,"column":38}},"49":{"start":{"line":86,"column":6},"end":{"line":86,"column":13}},"50":{"start":{"line":90,"column":0},"end":{"line":90,"column":23}}},"branchMap":{"1":{"line":22,"type":"if","locations":[{"start":{"line":22,"column":4},"end":{"line":22,"column":4}},{"start":{"line":22,"column":4},"end":{"line":22,"column":4}}]},"2":{"line":22,"type":"binary-expr","locations":[{"start":{"line":22,"column":10},"end":{"line":22,"column":26}},{"start":{"line":22,"column":30},"end":{"line":22,"column":47}}]},"3":{"line":25,"type":"if","locations":[{"start":{"line":25,"column":4},"end":{"line":25,"column":4}},{"start":{"line":25,"column":4},"end":{"line":25,"column":4}}]},"4":{"line":28,"type":"if","locations":[{"start":{"line":28,"column":4},"end":{"line":28,"column":4}},{"start":{"line":28,"column":4},"end":{"line":28,"column":4}}]},"5":{"line":28,"type":"binary-expr","locations":[{"start":{"line":28,"column":10},"end":{"line":28,"column":25}},{"start":{"line":28,"column":29},"end":{"line":28,"column":45}}]},"6":{"line":31,"type":"if","locations":[{"start":{"line":31,"column":4},"end":{"line":31,"column":4}},{"start":{"line":31,"column":4},"end":{"line":31,"column":4}}]},"7":{"line":34,"type":"if","locations":[{"start":{"line":34,"column":4},"end":{"line":34,"column":4}},{"start":{"line":34,"column":4},"end":{"line":34,"column":4}}]},"8":{"line":37,"type":"if","locations":[{"start":{"line":37,"column":4},"end":{"line":37,"column":4}},{"start":{"line":37,"column":4},"end":{"line":37,"column":4}}]},"9":{"line":44,"type":"if","locations":[{"start":{"line":44,"column":6},"end":{"line":44,"column":6}},{"start":{"line":44,"column":6},"end":{"line":44,"column":6}}]},"10":{"line":78,"type":"if","locations":[{"start":{"line":78,"column":8},"end":{"line":78,"column":8}},{"start":{"line":78,"column":8},"end":{"line":78,"column":8}}]},"11":{"line":82,"type":"if","locations":[{"start":{"line":82,"column":6},"end":{"line":82,"column":6}},{"start":{"line":82,"column":6},"end":{"line":82,"column":6}}]}}},"/home/magiceb/Desktop/node/node-learn/myblog/models/users.js":{"path":"/home/magiceb/Desktop/node/node-learn/myblog/models/users.js","s":{"1":1,"2":1,"3":0,"4":0},"b":{},"f":{"1":0,"2":0},"fnMap":{"1":{"name":"(anonymous_1)","line":5,"loc":{"start":{"line":5,"column":10},"end":{"line":5,"column":26}}},"2":{"name":"(anonymous_2)","line":9,"loc":{"start":{"line":9,"column":16},"end":{"line":9,"column":23}}}},"statementMap":{"1":{"start":{"line":1,"column":0},"end":{"line":1,"column":41}},"2":{"start":{"line":3,"column":0},"end":{"line":15,"column":1}},"3":{"start":{"line":6,"column":4},"end":{"line":6,"column":35}},"4":{"start":{"line":10,"column":4},"end":{"line":13,"column":13}}},"branchMap":{}},"/home/magiceb/Desktop/node/node-learn/myblog/lib/mongo.js":{"path":"/home/magiceb/Desktop/node/node-learn/myblog/lib/mongo.js","s":{"1":1,"2":1,"3":1,"4":1,"5":1,"6":1,"7":1,"8":0,"9":0,"10":0,"11":0,"12":0,"13":0,"14":0,"15":0,"16":1,"17":1,"18":1,"19":1,"20":1,"21":1},"b":{"1":[0,0]},"f":{"1":0,"2":0},"fnMap":{"1":{"name":"(anonymous_1)","line":11,"loc":{"start":{"line":11,"column":12},"end":{"line":11,"column":22}}},"2":{"name":"(anonymous_2)","line":18,"loc":{"start":{"line":18,"column":15},"end":{"line":18,"column":24}}}},"statementMap":{"1":{"start":{"line":1,"column":0},"end":{"line":1,"column":48}},"2":{"start":{"line":2,"column":0},"end":{"line":2,"column":38}},"3":{"start":{"line":3,"column":0},"end":{"line":3,"column":33}},"4":{"start":{"line":4,"column":0},"end":{"line":4,"column":32}},"5":{"start":{"line":5,"column":0},"end":{"line":5,"column":60}},"6":{"start":{"line":7,"column":0},"end":{"line":7,"column":33}},"7":{"start":{"line":10,"column":0},"end":{"line":26,"column":2}},"8":{"start":{"line":12,"column":4},"end":{"line":15,"column":6}},"9":{"start":{"line":13,"column":6},"end":{"line":13,"column":88}},"10":{"start":{"line":14,"column":6},"end":{"line":14,"column":42}},"11":{"start":{"line":16,"column":4},"end":{"line":16,"column":18}},"12":{"start":{"line":19,"column":4},"end":{"line":23,"column":5}},"13":{"start":{"line":20,"column":6},"end":{"line":20,"column":92}},"14":{"start":{"line":22,"column":6},"end":{"line":22,"column":44}},"15":{"start":{"line":24,"column":4},"end":{"line":24,"column":17}},"16":{"start":{"line":28,"column":0},"end":{"line":34,"column":2}},"17":{"start":{"line":35,"column":0},"end":{"line":35,"column":56}},"18":{"start":{"line":37,"column":0},"end":{"line":42,"column":2}},"19":{"start":{"line":44,"column":0},"end":{"line":44,"column":49}},"20":{"start":{"line":46,"column":0},"end":{"line":50,"column":2}},"21":{"start":{"line":52,"column":0},"end":{"line":52,"column":51}}},"branchMap":{"1":{"line":19,"type":"if","locations":[{"start":{"line":19,"column":4},"end":{"line":19,"column":4}},{"start":{"line":19,"column":4},"end":{"line":19,"column":4}}]}}},"/home/magiceb/Desktop/node/node-learn/myblog/middlewares/check.js":{"path":"/home/magiceb/Desktop/node/node-learn/myblog/middlewares/check.js","s":{"1":1,"2":0,"3":0,"4":0,"5":0,"6":0,"7":0,"8":0,"9":0},"b":{"1":[0,0],"2":[0,0]},"f":{"1":0,"2":0},"fnMap":{"1":{"name":"(anonymous_1)","line":2,"loc":{"start":{"line":2,"column":13},"end":{"line":2,"column":30}}},"2":{"name":"(anonymous_2)","line":9,"loc":{"start":{"line":9,"column":16},"end":{"line":9,"column":33}}}},"statementMap":{"1":{"start":{"line":1,"column":0},"end":{"line":16,"column":1}},"2":{"start":{"line":3,"column":4},"end":{"line":6,"column":5}},"3":{"start":{"line":4,"column":6},"end":{"line":4,"column":31}},"4":{"start":{"line":5,"column":6},"end":{"line":5,"column":36}},"5":{"start":{"line":7,"column":4},"end":{"line":7,"column":10}},"6":{"start":{"line":10,"column":4},"end":{"line":13,"column":5}},"7":{"start":{"line":11,"column":6},"end":{"line":11,"column":31}},"8":{"start":{"line":12,"column":6},"end":{"line":12,"column":33}},"9":{"start":{"line":14,"column":4},"end":{"line":14,"column":10}}},"branchMap":{"1":{"line":3,"type":"if","locations":[{"start":{"line":3,"column":4},"end":{"line":3,"column":4}},{"start":{"line":3,"column":4},"end":{"line":3,"column":4}}]},"2":{"line":10,"type":"if","locations":[{"start":{"line":10,"column":4},"end":{"line":10,"column":4}},{"start":{"line":10,"column":4},"end":{"line":10,"column":4}}]}}},"/home/magiceb/Desktop/node/node-learn/myblog/routes/signin.js":{"path":"/home/magiceb/Desktop/node/node-learn/myblog/routes/signin.js","s":{"1":1,"2":1,"3":1,"4":1,"5":1,"6":1,"7":0,"8":1,"9":0,"10":0,"11":0,"12":0,"13":0,"14":0,"15":0,"16":0,"17":0,"18":0,"19":0,"20":0,"21":0,"22":0,"23":0,"24":0,"25":0,"26":0,"27":0,"28":0,"29":1},"b":{"1":[0,0],"2":[0,0],"3":[0,0],"4":[0,0]},"f":{},"fnMap":{},"statementMap":{"1":{"start":{"line":1,"column":0},"end":{"line":1,"column":28}},"2":{"start":{"line":2,"column":0},"end":{"line":2,"column":34}},"3":{"start":{"line":3,"column":0},"end":{"line":3,"column":31}},"4":{"start":{"line":5,"column":0},"end":{"line":5,"column":44}},"5":{"start":{"line":6,"column":0},"end":{"line":6,"column":67}},"6":{"start":{"line":8,"column":0},"end":{"line":10,"column":2}},"7":{"start":{"line":9,"column":2},"end":{"line":9,"column":22}},"8":{"start":{"line":12,"column":0},"end":{"line":46,"column":2}},"9":{"start":{"line":13,"column":2},"end":{"line":13,"column":39}},"10":{"start":{"line":14,"column":2},"end":{"line":14,"column":25}},"11":{"start":{"line":15,"column":2},"end":{"line":25,"column":3}},"12":{"start":{"line":16,"column":4},"end":{"line":18,"column":5}},"13":{"start":{"line":17,"column":6},"end":{"line":17,"column":31}},"14":{"start":{"line":19,"column":4},"end":{"line":21,"column":5}},"15":{"start":{"line":20,"column":6},"end":{"line":20,"column":30}},"16":{"start":{"line":23,"column":4},"end":{"line":23,"column":33}},"17":{"start":{"line":24,"column":4},"end":{"line":24,"column":31}},"18":{"start":{"line":27,"column":2},"end":{"line":45,"column":16}},"19":{"start":{"line":29,"column":6},"end":{"line":32,"column":7}},"20":{"start":{"line":30,"column":8},"end":{"line":30,"column":35}},"21":{"start":{"line":31,"column":8},"end":{"line":31,"column":35}},"22":{"start":{"line":34,"column":6},"end":{"line":37,"column":7}},"23":{"start":{"line":35,"column":8},"end":{"line":35,"column":38}},"24":{"start":{"line":36,"column":8},"end":{"line":36,"column":35}},"25":{"start":{"line":38,"column":6},"end":{"line":38,"column":34}},"26":{"start":{"line":40,"column":6},"end":{"line":40,"column":26}},"27":{"start":{"line":41,"column":6},"end":{"line":41,"column":29}},"28":{"start":{"line":43,"column":6},"end":{"line":43,"column":28}},"29":{"start":{"line":48,"column":0},"end":{"line":48,"column":23}}},"branchMap":{"1":{"line":16,"type":"if","locations":[{"start":{"line":16,"column":4},"end":{"line":16,"column":4}},{"start":{"line":16,"column":4},"end":{"line":16,"column":4}}]},"2":{"line":19,"type":"if","locations":[{"start":{"line":19,"column":4},"end":{"line":19,"column":4}},{"start":{"line":19,"column":4},"end":{"line":19,"column":4}}]},"3":{"line":29,"type":"if","locations":[{"start":{"line":29,"column":6},"end":{"line":29,"column":6}},{"start":{"line":29,"column":6},"end":{"line":29,"column":6}}]},"4":{"line":34,"type":"if","locations":[{"start":{"line":34,"column":6},"end":{"line":34,"column":6}},{"start":{"line":34,"column":6},"end":{"line":34,"column":6}}]}}},"/home/magiceb/Desktop/node/node-learn/myblog/routes/signout.js":{"path":"/home/magiceb/Desktop/node/node-learn/myblog/routes/signout.js","s":{"1":1,"2":1,"3":1,"4":1,"5":0,"6":0,"7":0,"8":1},"b":{},"f":{},"fnMap":{},"statementMap":{"1":{"start":{"line":1,"column":0},"end":{"line":1,"column":34}},"2":{"start":{"line":2,"column":0},"end":{"line":2,"column":31}},"3":{"start":{"line":4,"column":0},"end":{"line":4,"column":61}},"4":{"start":{"line":6,"column":0},"end":{"line":12,"column":2}},"5":{"start":{"line":8,"column":2},"end":{"line":8,"column":25}},"6":{"start":{"line":9,"column":2},"end":{"line":9,"column":30}},"7":{"start":{"line":11,"column":2},"end":{"line":11,"column":24}},"8":{"start":{"line":14,"column":0},"end":{"line":14,"column":23}}},"branchMap":{}},"/home/magiceb/Desktop/node/node-learn/myblog/routes/posts.js":{"path":"/home/magiceb/Desktop/node/node-learn/myblog/routes/posts.js","s":{"1":1,"2":1,"3":1,"4":1,"5":1,"6":1,"7":0,"8":0,"9":0,"10":1,"11":0,"12":0,"13":0,"14":0,"15":0,"16":0,"17":0,"18":0,"19":0,"20":0,"21":0,"22":0,"23":0,"24":0,"25":1,"26":0,"27":1,"28":0,"29":0,"30":0,"31":0,"32":0,"33":0,"34":0,"35":1,"36":0,"37":0,"38":0,"39":0,"40":0,"41":0,"42":0,"43":1,"44":0,"45":0,"46":0,"47":0,"48":0,"49":0,"50":0,"51":0,"52":0,"53":0,"54":0,"55":0,"56":0,"57":0,"58":0,"59":0,"60":0,"61":0,"62":1,"63":0,"64":0,"65":0,"66":0,"67":0,"68":0,"69":0,"70":0,"71":0,"72":0,"73":1},"b":{"1":[0,0],"2":[0,0],"3":[0,0],"4":[0,0],"5":[0,0],"6":[0,0],"7":[0,0],"8":[0,0],"9":[0,0],"10":[0,0],"11":[0,0]},"f":{},"fnMap":{},"statementMap":{"1":{"start":{"line":1,"column":0},"end":{"line":1,"column":34}},"2":{"start":{"line":2,"column":0},"end":{"line":2,"column":31}},"3":{"start":{"line":4,"column":0},"end":{"line":4,"column":61}},"4":{"start":{"line":5,"column":0},"end":{"line":5,"column":44}},"5":{"start":{"line":6,"column":0},"end":{"line":6,"column":50}},"6":{"start":{"line":8,"column":0},"end":{"line":16,"column":2}},"7":{"start":{"line":9,"column":2},"end":{"line":9,"column":33}},"8":{"start":{"line":11,"column":2},"end":{"line":15,"column":16}},"9":{"start":{"line":13,"column":6},"end":{"line":13,"column":36}},"10":{"start":{"line":19,"column":0},"end":{"line":51,"column":2}},"11":{"start":{"line":20,"column":2},"end":{"line":20,"column":37}},"12":{"start":{"line":21,"column":2},"end":{"line":21,"column":39}},"13":{"start":{"line":24,"column":2},"end":{"line":34,"column":3}},"14":{"start":{"line":25,"column":4},"end":{"line":27,"column":5}},"15":{"start":{"line":26,"column":6},"end":{"line":26,"column":30}},"16":{"start":{"line":28,"column":4},"end":{"line":30,"column":5}},"17":{"start":{"line":29,"column":6},"end":{"line":29,"column":30}},"18":{"start":{"line":32,"column":4},"end":{"line":32,"column":33}},"19":{"start":{"line":33,"column":4},"end":{"line":33,"column":31}},"20":{"start":{"line":36,"column":2},"end":{"line":40,"column":3}},"21":{"start":{"line":42,"column":2},"end":{"line":50,"column":16}},"22":{"start":{"line":45,"column":6},"end":{"line":45,"column":26}},"23":{"start":{"line":46,"column":6},"end":{"line":46,"column":34}},"24":{"start":{"line":48,"column":6},"end":{"line":48,"column":40}},"25":{"start":{"line":53,"column":0},"end":{"line":55,"column":2}},"26":{"start":{"line":54,"column":2},"end":{"line":54,"column":22}},"27":{"start":{"line":57,"column":0},"end":{"line":75,"column":2}},"28":{"start":{"line":58,"column":2},"end":{"line":58,"column":34}},"29":{"start":{"line":60,"column":2},"end":{"line":74,"column":16}},"30":{"start":{"line":66,"column":6},"end":{"line":66,"column":28}},"31":{"start":{"line":67,"column":6},"end":{"line":67,"column":32}},"32":{"start":{"line":68,"column":6},"end":{"line":70,"column":7}},"33":{"start":{"line":69,"column":8},"end":{"line":69,"column":33}},"34":{"start":{"line":72,"column":6},"end":{"line":72,"column":44}},"35":{"start":{"line":78,"column":0},"end":{"line":92,"column":2}},"36":{"start":{"line":79,"column":2},"end":{"line":79,"column":72}},"37":{"start":{"line":81,"column":2},"end":{"line":91,"column":16}},"38":{"start":{"line":83,"column":6},"end":{"line":85,"column":7}},"39":{"start":{"line":84,"column":8},"end":{"line":84,"column":34}},"40":{"start":{"line":86,"column":6},"end":{"line":88,"column":7}},"41":{"start":{"line":87,"column":8},"end":{"line":87,"column":31}},"42":{"start":{"line":89,"column":6},"end":{"line":89,"column":34}},"43":{"start":{"line":95,"column":0},"end":{"line":129,"column":2}},"44":{"start":{"line":96,"column":2},"end":{"line":96,"column":34}},"45":{"start":{"line":97,"column":2},"end":{"line":97,"column":37}},"46":{"start":{"line":98,"column":2},"end":{"line":98,"column":39}},"47":{"start":{"line":101,"column":2},"end":{"line":111,"column":3}},"48":{"start":{"line":102,"column":4},"end":{"line":104,"column":5}},"49":{"start":{"line":103,"column":6},"end":{"line":103,"column":30}},"50":{"start":{"line":105,"column":4},"end":{"line":107,"column":5}},"51":{"start":{"line":106,"column":6},"end":{"line":106,"column":30}},"52":{"start":{"line":109,"column":4},"end":{"line":109,"column":33}},"53":{"start":{"line":110,"column":4},"end":{"line":110,"column":31}},"54":{"start":{"line":113,"column":2},"end":{"line":128,"column":6}},"55":{"start":{"line":115,"column":6},"end":{"line":117,"column":7}},"56":{"start":{"line":116,"column":8},"end":{"line":116,"column":32}},"57":{"start":{"line":118,"column":6},"end":{"line":120,"column":7}},"58":{"start":{"line":119,"column":8},"end":{"line":119,"column":31}},"59":{"start":{"line":121,"column":6},"end":{"line":127,"column":20}},"60":{"start":{"line":123,"column":10},"end":{"line":123,"column":40}},"61":{"start":{"line":125,"column":10},"end":{"line":125,"column":42}},"62":{"start":{"line":132,"column":0},"end":{"line":152,"column":2}},"63":{"start":{"line":133,"column":2},"end":{"line":133,"column":34}},"64":{"start":{"line":134,"column":2},"end":{"line":134,"column":37}},"65":{"start":{"line":136,"column":2},"end":{"line":151,"column":6}},"66":{"start":{"line":138,"column":6},"end":{"line":140,"column":7}},"67":{"start":{"line":139,"column":8},"end":{"line":139,"column":32}},"68":{"start":{"line":141,"column":6},"end":{"line":143,"column":7}},"69":{"start":{"line":142,"column":8},"end":{"line":142,"column":31}},"70":{"start":{"line":144,"column":6},"end":{"line":150,"column":20}},"71":{"start":{"line":146,"column":10},"end":{"line":146,"column":40}},"72":{"start":{"line":148,"column":10},"end":{"line":148,"column":32}},"73":{"start":{"line":154,"column":0},"end":{"line":154,"column":23}}},"branchMap":{"1":{"line":25,"type":"if","locations":[{"start":{"line":25,"column":4},"end":{"line":25,"column":4}},{"start":{"line":25,"column":4},"end":{"line":25,"column":4}}]},"2":{"line":28,"type":"if","locations":[{"start":{"line":28,"column":4},"end":{"line":28,"column":4}},{"start":{"line":28,"column":4},"end":{"line":28,"column":4}}]},"3":{"line":68,"type":"if","locations":[{"start":{"line":68,"column":6},"end":{"line":68,"column":6}},{"start":{"line":68,"column":6},"end":{"line":68,"column":6}}]},"4":{"line":83,"type":"if","locations":[{"start":{"line":83,"column":6},"end":{"line":83,"column":6}},{"start":{"line":83,"column":6},"end":{"line":83,"column":6}}]},"5":{"line":86,"type":"if","locations":[{"start":{"line":86,"column":6},"end":{"line":86,"column":6}},{"start":{"line":86,"column":6},"end":{"line":86,"column":6}}]},"6":{"line":102,"type":"if","locations":[{"start":{"line":102,"column":4},"end":{"line":102,"column":4}},{"start":{"line":102,"column":4},"end":{"line":102,"column":4}}]},"7":{"line":105,"type":"if","locations":[{"start":{"line":105,"column":4},"end":{"line":105,"column":4}},{"start":{"line":105,"column":4},"end":{"line":105,"column":4}}]},"8":{"line":115,"type":"if","locations":[{"start":{"line":115,"column":6},"end":{"line":115,"column":6}},{"start":{"line":115,"column":6},"end":{"line":115,"column":6}}]},"9":{"line":118,"type":"if","locations":[{"start":{"line":118,"column":6},"end":{"line":118,"column":6}},{"start":{"line":118,"column":6},"end":{"line":118,"column":6}}]},"10":{"line":138,"type":"if","locations":[{"start":{"line":138,"column":6},"end":{"line":138,"column":6}},{"start":{"line":138,"column":6},"end":{"line":138,"column":6}}]},"11":{"line":141,"type":"if","locations":[{"start":{"line":141,"column":6},"end":{"line":141,"column":6}},{"start":{"line":141,"column":6},"end":{"line":141,"column":6}}]}}},"/home/magiceb/Desktop/node/node-learn/myblog/models/posts.js":{"path":"/home/magiceb/Desktop/node/node-learn/myblog/models/posts.js","s":{"1":1,"2":1,"3":1,"4":1,"5":0,"6":0,"7":0,"8":0,"9":0,"10":0,"11":0,"12":0,"13":0,"14":1,"15":0,"16":0,"17":0,"18":0,"19":0,"20":0,"21":1,"22":0,"23":0,"24":0,"25":0,"26":0,"27":0,"28":0,"29":0,"30":0,"31":0,"32":0,"33":0},"b":{"1":[0,0],"2":[0,0],"3":[0,0],"4":[0,0],"5":[0,0]},"f":{"1":0,"2":0,"3":0,"4":0,"5":0,"6":0,"7":0,"8":0,"9":0,"10":0,"11":0},"fnMap":{"1":{"name":"(anonymous_1)","line":7,"loc":{"start":{"line":7,"column":12},"end":{"line":7,"column":20}}},"2":{"name":"(anonymous_2)","line":15,"loc":{"start":{"line":15,"column":15},"end":{"line":15,"column":22}}},"3":{"name":"(anonymous_3)","line":28,"loc":{"start":{"line":28,"column":12},"end":{"line":28,"column":20}}},"4":{"name":"(anonymous_4)","line":34,"loc":{"start":{"line":34,"column":15},"end":{"line":34,"column":22}}},"5":{"name":"(anonymous_5)","line":44,"loc":{"start":{"line":44,"column":9},"end":{"line":44,"column":16}}},"6":{"name":"(anonymous_6)","line":49,"loc":{"start":{"line":49,"column":14},"end":{"line":49,"column":23}}},"7":{"name":"(anonymous_7)","line":60,"loc":{"start":{"line":60,"column":11},"end":{"line":60,"column":20}}},"8":{"name":"(anonymous_8)","line":76,"loc":{"start":{"line":76,"column":8},"end":{"line":76,"column":17}}},"9":{"name":"(anonymous_9)","line":83,"loc":{"start":{"line":83,"column":17},"end":{"line":83,"column":26}}},"10":{"name":"(anonymous_10)","line":91,"loc":{"start":{"line":91,"column":17},"end":{"line":91,"column":32}}},"11":{"name":"(anonymous_11)","line":96,"loc":{"start":{"line":96,"column":14},"end":{"line":96,"column":31}}}},"statementMap":{"1":{"start":{"line":1,"column":0},"end":{"line":1,"column":32}},"2":{"start":{"line":2,"column":0},"end":{"line":2,"column":41}},"3":{"start":{"line":3,"column":0},"end":{"line":3,"column":42}},"4":{"start":{"line":6,"column":0},"end":{"line":24,"column":2}},"5":{"start":{"line":8,"column":4},"end":{"line":13,"column":7}},"6":{"start":{"line":9,"column":6},"end":{"line":12,"column":8}},"7":{"start":{"line":10,"column":8},"end":{"line":10,"column":42}},"8":{"start":{"line":11,"column":8},"end":{"line":11,"column":19}},"9":{"start":{"line":16,"column":4},"end":{"line":21,"column":5}},"10":{"start":{"line":17,"column":6},"end":{"line":20,"column":8}},"11":{"start":{"line":18,"column":8},"end":{"line":18,"column":34}},"12":{"start":{"line":19,"column":8},"end":{"line":19,"column":19}},"13":{"start":{"line":22,"column":4},"end":{"line":22,"column":15}},"14":{"start":{"line":27,"column":0},"end":{"line":40,"column":2}},"15":{"start":{"line":29,"column":4},"end":{"line":32,"column":6}},"16":{"start":{"line":30,"column":6},"end":{"line":30,"column":41}},"17":{"start":{"line":31,"column":6},"end":{"line":31,"column":17}},"18":{"start":{"line":35,"column":4},"end":{"line":37,"column":5}},"19":{"start":{"line":36,"column":6},"end":{"line":36,"column":41}},"20":{"start":{"line":38,"column":4},"end":{"line":38,"column":15}},"21":{"start":{"line":42,"column":0},"end":{"line":106,"column":1}},"22":{"start":{"line":45,"column":4},"end":{"line":45,"column":35}},"23":{"start":{"line":50,"column":4},"end":{"line":56,"column":13}},"24":{"start":{"line":61,"column":4},"end":{"line":61,"column":20}},"25":{"start":{"line":62,"column":4},"end":{"line":64,"column":5}},"26":{"start":{"line":63,"column":6},"end":{"line":63,"column":27}},"27":{"start":{"line":65,"column":4},"end":{"line":72,"column":13}},"28":{"start":{"line":77,"column":4},"end":{"line":79,"column":13}},"29":{"start":{"line":84,"column":4},"end":{"line":87,"column":13}},"30":{"start":{"line":92,"column":4},"end":{"line":92,"column":60}},"31":{"start":{"line":97,"column":4},"end":{"line":104,"column":8}},"32":{"start":{"line":101,"column":8},"end":{"line":103,"column":9}},"33":{"start":{"line":102,"column":10},"end":{"line":102,"column":56}}},"branchMap":{"1":{"line":16,"type":"if","locations":[{"start":{"line":16,"column":4},"end":{"line":16,"column":4}},{"start":{"line":16,"column":4},"end":{"line":16,"column":4}}]},"2":{"line":35,"type":"if","locations":[{"start":{"line":35,"column":4},"end":{"line":35,"column":4}},{"start":{"line":35,"column":4},"end":{"line":35,"column":4}}]},"3":{"line":62,"type":"if","locations":[{"start":{"line":62,"column":4},"end":{"line":62,"column":4}},{"start":{"line":62,"column":4},"end":{"line":62,"column":4}}]},"4":{"line":101,"type":"if","locations":[{"start":{"line":101,"column":8},"end":{"line":101,"column":8}},{"start":{"line":101,"column":8},"end":{"line":101,"column":8}}]},"5":{"line":101,"type":"binary-expr","locations":[{"start":{"line":101,"column":12},"end":{"line":101,"column":25}},{"start":{"line":101,"column":29},"end":{"line":101,"column":45}}]}}},"/home/magiceb/Desktop/node/node-learn/myblog/models/comments.js":{"path":"/home/magiceb/Desktop/node/node-learn/myblog/models/comments.js","s":{"1":1,"2":1,"3":1,"4":0,"5":0,"6":0,"7":1,"8":0,"9":0,"10":0,"11":0,"12":0,"13":0,"14":0},"b":{},"f":{"1":0,"2":0,"3":0,"4":0,"5":0,"6":0,"7":0},"fnMap":{"1":{"name":"(anonymous_1)","line":6,"loc":{"start":{"line":6,"column":12},"end":{"line":6,"column":23}}},"2":{"name":"(anonymous_2)","line":16,"loc":{"start":{"line":16,"column":9},"end":{"line":16,"column":19}}},"3":{"name":"(anonymous_3)","line":20,"loc":{"start":{"line":20,"column":17},"end":{"line":20,"column":29}}},"4":{"name":"(anonymous_4)","line":24,"loc":{"start":{"line":24,"column":17},"end":{"line":24,"column":29}}},"5":{"name":"(anonymous_5)","line":28,"loc":{"start":{"line":28,"column":21},"end":{"line":28,"column":30}}},"6":{"name":"(anonymous_6)","line":32,"loc":{"start":{"line":32,"column":14},"end":{"line":32,"column":23}}},"7":{"name":"(anonymous_7)","line":46,"loc":{"start":{"line":46,"column":19},"end":{"line":46,"column":28}}}},"statementMap":{"1":{"start":{"line":1,"column":0},"end":{"line":1,"column":32}},"2":{"start":{"line":2,"column":0},"end":{"line":2,"column":47}},"3":{"start":{"line":5,"column":0},"end":{"line":12,"column":2}},"4":{"start":{"line":7,"column":4},"end":{"line":10,"column":6}},"5":{"start":{"line":8,"column":6},"end":{"line":8,"column":47}},"6":{"start":{"line":9,"column":6},"end":{"line":9,"column":20}},"7":{"start":{"line":14,"column":0},"end":{"line":49,"column":1}},"8":{"start":{"line":17,"column":4},"end":{"line":17,"column":41}},"9":{"start":{"line":21,"column":4},"end":{"line":21,"column":53}},"10":{"start":{"line":25,"column":4},"end":{"line":25,"column":55}},"11":{"start":{"line":29,"column":4},"end":{"line":29,"column":48}},"12":{"start":{"line":33,"column":4},"end":{"line":36,"column":24}},"13":{"start":{"line":37,"column":4},"end":{"line":43,"column":13}},"14":{"start":{"line":47,"column":4},"end":{"line":47,"column":43}}},"branchMap":{}},"/home/magiceb/Desktop/node/node-learn/myblog/routes/comments.js":{"path":"/home/magiceb/Desktop/node/node-learn/myblog/routes/comments.js","s":{"1":1,"2":1,"3":1,"4":1,"5":1,"6":0,"7":0,"8":0,"9":0,"10":0,"11":0,"12":0,"13":0,"14":0,"15":0,"16":0,"17":1,"18":0,"19":0,"20":0,"21":0,"22":0,"23":0,"24":0,"25":0,"26":0,"27":0,"28":1},"b":{"1":[0,0],"2":[0,0],"3":[0,0]},"f":{},"fnMap":{},"statementMap":{"1":{"start":{"line":1,"column":0},"end":{"line":1,"column":34}},"2":{"start":{"line":2,"column":0},"end":{"line":2,"column":31}},"3":{"start":{"line":4,"column":0},"end":{"line":4,"column":61}},"4":{"start":{"line":5,"column":0},"end":{"line":5,"column":50}},"5":{"start":{"line":7,"column":0},"end":{"line":33,"column":2}},"6":{"start":{"line":8,"column":2},"end":{"line":8,"column":40}},"7":{"start":{"line":9,"column":2},"end":{"line":9,"column":37}},"8":{"start":{"line":12,"column":2},"end":{"line":19,"column":3}},"9":{"start":{"line":13,"column":4},"end":{"line":15,"column":5}},"10":{"start":{"line":14,"column":6},"end":{"line":14,"column":32}},"11":{"start":{"line":17,"column":4},"end":{"line":17,"column":33}},"12":{"start":{"line":18,"column":4},"end":{"line":18,"column":31}},"13":{"start":{"line":21,"column":2},"end":{"line":25,"column":3}},"14":{"start":{"line":27,"column":2},"end":{"line":32,"column":16}},"15":{"start":{"line":29,"column":6},"end":{"line":29,"column":34}},"16":{"start":{"line":30,"column":6},"end":{"line":30,"column":26}},"17":{"start":{"line":35,"column":0},"end":{"line":55,"column":2}},"18":{"start":{"line":36,"column":2},"end":{"line":36,"column":40}},"19":{"start":{"line":37,"column":2},"end":{"line":37,"column":37}},"20":{"start":{"line":39,"column":2},"end":{"line":54,"column":6}},"21":{"start":{"line":41,"column":6},"end":{"line":43,"column":7}},"22":{"start":{"line":42,"column":8},"end":{"line":42,"column":32}},"23":{"start":{"line":44,"column":6},"end":{"line":46,"column":7}},"24":{"start":{"line":45,"column":8},"end":{"line":45,"column":35}},"25":{"start":{"line":47,"column":6},"end":{"line":53,"column":20}},"26":{"start":{"line":49,"column":10},"end":{"line":49,"column":40}},"27":{"start":{"line":51,"column":10},"end":{"line":51,"column":30}},"28":{"start":{"line":57,"column":0},"end":{"line":57,"column":23}}},"branchMap":{"1":{"line":13,"type":"if","locations":[{"start":{"line":13,"column":4},"end":{"line":13,"column":4}},{"start":{"line":13,"column":4},"end":{"line":13,"column":4}}]},"2":{"line":41,"type":"if","locations":[{"start":{"line":41,"column":6},"end":{"line":41,"column":6}},{"start":{"line":41,"column":6},"end":{"line":41,"column":6}}]},"3":{"line":44,"type":"if","locations":[{"start":{"line":44,"column":6},"end":{"line":44,"column":6}},{"start":{"line":44,"column":6},"end":{"line":44,"column":6}}]}}}}